<?xml version='1.0' encoding='utf-8'?>
<testsuite name="FS.GG.Game 0.14.0 release candidate" tests="7" failures="0" errors="0" skipped="0"><testcase classname="repository-suite" name="Game.Core.Tests"><system-out>report=Game.Core.Tests.trx; passed=730; failed=0; skipped=0</system-out></testcase><testcase classname="repository-suite" name="Game.Render.Tests"><system-out>report=Game.Render.Tests.trx; passed=23; failed=0; skipped=0</system-out></testcase><testcase classname="repository-suite" name="Game.Harness.Tests"><system-out>report=Game.Harness.Tests.trx; passed=97; failed=0; skipped=0</system-out></testcase><testcase classname="repository-suite" name="Playtest.Cli.Tests"><system-out>report=Playtest.Cli.Tests.trx; passed=28; failed=0; skipped=0</system-out></testcase><testcase classname="release-contract" name="release-source-contract"><system-out>0.14.0 scalar and ordered one-pack dual-feed workflow</system-out></testcase><testcase classname="release-contract" name="release-gate-inversion"><system-out>mutated 0.14.1 scalar rejected by the shipped gate</system-out></testcase><testcase classname="release-contract" name="coherent-package-consumer"><system-out>three packages, nuspec commit metadata, and clean Journey API consumer</system-out></testcase></testsuite>