<?xml version='1.0' encoding='utf-8'?>
<testsuite name="FS.GG.Game 0.14.0 release candidate" tests="10" failures="0" errors="0" skipped="0"><testcase classname="repository-suite" name="Game.Core.Tests"><system-out>report=Game.Core.Tests.trx; passed=730; failed=0; skipped=0</system-out></testcase><testcase classname="repository-suite" name="Game.Render.Tests"><system-out>report=Game.Render.Tests.trx; passed=23; failed=0; skipped=0</system-out></testcase><testcase classname="repository-suite" name="Game.Harness.Tests"><system-out>report=Game.Harness.Tests.trx; passed=97; failed=0; skipped=0</system-out></testcase><testcase classname="repository-suite" name="Playtest.Cli.Tests"><system-out>report=Playtest.Cli.Tests.trx; passed=28; failed=0; skipped=0</system-out></testcase><testcase classname="release-contract" name="release-source-positive-control"><system-out>both actual dotnet nuget push operations accepted</system-out></testcase><testcase classname="release-contract" name="release-first-push-mutation"><system-out>substituting only the GitHub Packages push was rejected</system-out></testcase><testcase classname="release-contract" name="release-second-push-mutation"><system-out>substituting only the nuget.org push was rejected</system-out></testcase><testcase classname="release-contract" name="release-both-pushes-mutation"><system-out>substituting both push operations was rejected</system-out></testcase><testcase classname="release-contract" name="release-version-mutation"><system-out>mutating the coherent scalar from 0.14.0 to 0.14.1 was rejected</system-out></testcase><testcase classname="release-contract" name="coherent-package-consumer"><system-out>three packages, nuspec commit metadata, and clean Journey API consumer</system-out></testcase></testsuite>